Using pre-set license
Built from '2020.3/staging' branch; Version is '2020.3.32f1 (12f8b0834f07) revision 1243312'; Using compiler version '192528614'; Build Type 'Release'
OS: 'Windows 7  (6.1.0) 64bit Professional' Language: 'pt' Physical Memory: 7864 MB
BatchMode: 1, IsHumanControllingUs: 0, StartBugReporterOnCrash: 0, Is64bit: 1, IsPro: 0

COMMAND LINE ARGUMENTS:
C:\Program Files\Unity\Hub\Editor\2020.3.32f1\Editor\Unity.exe
-adb2
-batchMode
-noUpm
-name
AssetImportWorker0
-projectPath
C:/Users/Pedro/Desktop/Solver/Math-Solver/Math Solver
-logFile
Logs/AssetImportWorker0.log
-srvPort
52917
Successfully changed project path to: C:/Users/Pedro/Desktop/Solver/Math-Solver/Math Solver
C:/Users/Pedro/Desktop/Solver/Math-Solver/Math Solver
Using Asset Import Pipeline V2.
Refreshing native plugins compatible for Editor in 194.85 ms, found 2 plugins.
Preloading 0 native plugins for Editor in 0.00 ms.
Initialize engine version: 2020.3.32f1 (12f8b0834f07)
[Subsystems] Discovering subsystems at path C:/Program Files/Unity/Hub/Editor/2020.3.32f1/Editor/Data/Resources/UnitySubsystems
[Subsystems] Discovering subsystems at path C:/Users/Pedro/Desktop/Solver/Math-Solver/Math Solver/Assets
GfxDevice: creating device client; threaded=0
d3d11: CreateDXGIFactory2(...) not found, fallbacking to CreateDXGIFactory1(...).
d3d11: QueryInterface(IDXGIFactory5) failed (80004002).
Direct3D:
    Version:  Direct3D 11.0 [level 10.0]
    Renderer: Intel(R) Q45/Q43 Express Chipset (ID=0x2e12)
    Vendor:   
    VRAM:     1631 MB
    Driver:   8.15.10.2869
Initialize mono
Mono path[0] = 'C:/Program Files/Unity/Hub/Editor/2020.3.32f1/Editor/Data/Managed'
Mono path[1] = 'C:/Program Files/Unity/Hub/Editor/2020.3.32f1/Editor/Data/MonoBleedingEdge/lib/mono/unityjit'
Mono config path = 'C:/Program Files/Unity/Hub/Editor/2020.3.32f1/Editor/Data/MonoBleedingEdge/etc'
Using monoOptions --debugger-agent=transport=dt_socket,embedding=1,server=y,suspend=n,address=127.0.0.1:56124
Begin MonoManager ReloadAssembly
Registering precompiled unity dll's ...
Register platform support module: C:/Program Files/Unity/Hub/Editor/2020.3.32f1/Editor/Data/PlaybackEngines/WebGLSupport/UnityEditor.WebGL.Extensions.dll
Register platform support module: C:/Program Files/Unity/Hub/Editor/2020.3.32f1/Editor/Data/PlaybackEngines/WindowsStandaloneSupport/UnityEditor.WindowsStandalone.Extensions.dll
Registered in 0.002640 seconds.
Native extension for WindowsStandalone target not found
Native extension for WebGL target not found
Refreshing native plugins compatible for Editor in 148.29 ms, found 2 plugins.
Preloading 0 native plugins for Editor in 0.00 ms.
Mono: successfully reloaded assembly
- Completed reload, in  1.451 seconds
Domain Reload Profiling:
	ReloadAssembly (1452ms)
		BeginReloadAssembly (198ms)
			ExecutionOrderSort (0ms)
			DisableScriptedObjects (0ms)
			BackupInstance (0ms)
			ReleaseScriptingObjects (0ms)
			CreateAndSetChildDomain (2ms)
		EndReloadAssembly (1104ms)
			LoadAssemblies (195ms)
			RebuildTransferFunctionScriptingTraits (0ms)
			SetupTypeCache (333ms)
			ReleaseScriptCaches (0ms)
			RebuildScriptCaches (92ms)
			SetupLoadedEditorAssemblies (429ms)
				LogAssemblyErrors (0ms)
				InitializePlatformSupportModulesInManaged (14ms)
				SetLoadedEditorAssemblies (3ms)
				RefreshPlugins (148ms)
				BeforeProcessingInitializeOnLoad (26ms)
				ProcessInitializeOnLoadAttributes (167ms)
				ProcessInitializeOnLoadMethodAttributes (71ms)
				AfterProcessingInitializeOnLoad (0ms)
				EditorAssembliesLoaded (0ms)
			ExecutionOrderSort2 (0ms)
			AwakeInstancesAfterBackupRestoration (0ms)
Platform modules already initialized, skipping
Registering precompiled user dll's ...
Registered in 0.014127 seconds.
Begin MonoManager ReloadAssembly
Native extension for WindowsStandalone target not found
Native extension for WebGL target not found
Refreshing native plugins compatible for Editor in 148.17 ms, found 2 plugins.
Preloading 0 native plugins for Editor in 0.00 ms.
Mono: successfully reloaded assembly
- Completed reload, in  2.855 seconds
Domain Reload Profiling:
	ReloadAssembly (2858ms)
		BeginReloadAssembly (346ms)
			ExecutionOrderSort (0ms)
			DisableScriptedObjects (9ms)
			BackupInstance (0ms)
			ReleaseScriptingObjects (0ms)
			CreateAndSetChildDomain (32ms)
		EndReloadAssembly (2358ms)
			LoadAssemblies (315ms)
			RebuildTransferFunctionScriptingTraits (0ms)
			SetupTypeCache (789ms)
			ReleaseScriptCaches (1ms)
			RebuildScriptCaches (135ms)
			SetupLoadedEditorAssemblies (928ms)
				LogAssemblyErrors (0ms)
				InitializePlatformSupportModulesInManaged (8ms)
				SetLoadedEditorAssemblies (0ms)
				RefreshPlugins (148ms)
				BeforeProcessingInitializeOnLoad (325ms)
				ProcessInitializeOnLoadAttributes (400ms)
				ProcessInitializeOnLoadMethodAttributes (36ms)
				AfterProcessingInitializeOnLoad (10ms)
				EditorAssembliesLoaded (1ms)
			ExecutionOrderSort2 (0ms)
			AwakeInstancesAfterBackupRestoration (12ms)
Platform modules already initialized, skipping
========================================================================
Worker process is ready to serve import requests
Launched and connected shader compiler UnityShaderCompiler.exe after 0.13 seconds
Refreshing native plugins compatible for Editor in 1.33 ms, found 2 plugins.
Preloading 0 native plugins for Editor in 0.00 ms.
Unloading 3334 Unused Serialized files (Serialized files now loaded: 0)
System memory in use before: 143.3 MB.
System memory in use after: 143.3 MB.

Unloading 34 unused Assets to reduce memory usage. Loaded Objects now: 3769.
Total: 8.598466 ms (FindLiveObjects: 0.626593 ms CreateObjectMapping: 0.186407 ms MarkObjects: 7.435690 ms  DeleteObjects: 0.346983 ms)

AssetImportParameters requested are different than current active one (requested -> active):
  custom:framework-win-MediaFoundation: 216162199b28c13a410421893ffa2e32 -> 
  custom:video-decoder-ogg-theora: a1e56fd34408186e4bbccfd4996cb3dc -> 
  custom:container-muxer-webm: aa71ff27fc2769a1b78a27578f13a17b -> 
  custom:container-demuxer-webm: 4f35f7cbe854078d1ac9338744f61a02 -> 
  custom:container-demuxer-ogg: 62fdf1f143b41e24485cea50d1cbac27 -> 
  custom:video-encoder-webm-vp8: eb34c28f22e8b96e1ab97ce403110664 -> 
  custom:video-decoder-webm-vp8: 9c59270c3fd7afecdb556c50c9e8de78 -> 
  custom:audio-decoder-ogg-vorbis: bf7c407c2cedff20999df2af8eb42d56 -> 
  custom:audio-encoder-webm-vorbis: bf7c407c2cedff20999df2af8eb42d56 -> 
========================================================================
Received Import Request.
  path: Assets/Graphics/Fonts/Linux Libertine/TMPro/LinLibertine_aSZI SDF.asset
  artifactKey: Guid(2fa0332871ff4f048ab605397980a622) Importer(815301076,1909f56bfc062723c751e8b465ee728b)
Start importing Assets/Graphics/Fonts/Linux Libertine/TMPro/LinLibertine_aSZI SDF.asset using Guid(2fa0332871ff4f048ab605397980a622) Importer(815301076,1909f56bfc062723c751e8b465ee728b)  -> (artifact id: '2fa0fb05a41bbd6d22dee0d2102e3987') in 0.546808 seconds 
========================================================================
Received Import Request.
  Time since last request: 0.001921 seconds.
  path: Assets/Graphics/Fonts/Linux Libertine/TMPro/LinLibertine_aSI SDF.asset
  artifactKey: Guid(f807f9a15819b08419512822f2876e9d) Importer(815301076,1909f56bfc062723c751e8b465ee728b)
Start importing Assets/Graphics/Fonts/Linux Libertine/TMPro/LinLibertine_aSI SDF.asset using Guid(f807f9a15819b08419512822f2876e9d) Importer(815301076,1909f56bfc062723c751e8b465ee728b)  -> (artifact id: 'c5bee9d205e89a798809065e26e25ca7') in 0.159228 seconds 
========================================================================
Received Import Request.
  Time since last request: 0.000355 seconds.
  path: Assets/Graphics/Fonts/Linux Libertine/TMPro/LinLibertine_aBL SDF.asset
  artifactKey: Guid(d88e0889376cff54b869198b3410978c) Importer(815301076,1909f56bfc062723c751e8b465ee728b)
Start importing Assets/Graphics/Fonts/Linux Libertine/TMPro/LinLibertine_aBL SDF.asset using Guid(d88e0889376cff54b869198b3410978c) Importer(815301076,1909f56bfc062723c751e8b465ee728b)  -> (artifact id: '8b423d0beda13b37264a3b25f9883da0') in 0.153241 seconds 
========================================================================
Received Import Request.
  Time since last request: 0.000349 seconds.
  path: Assets/TextMesh Pro/Resources/Fonts & Materials/LiberationSans SDF - Fallback.asset
  artifactKey: Guid(2e498d1c8094910479dc3e1b768306a4) Importer(815301076,1909f56bfc062723c751e8b465ee728b)
Start importing Assets/TextMesh Pro/Resources/Fonts & Materials/LiberationSans SDF - Fallback.asset using Guid(2e498d1c8094910479dc3e1b768306a4) Importer(815301076,1909f56bfc062723c751e8b465ee728b)  -> (artifact id: 'e9fbf2b41ef9ac7619bc15ad2ae3a6f6') in 0.118339 seconds 
========================================================================
Received Import Request.
  Time since last request: 0.000412 seconds.
  path: Assets/Graphics/Fonts/Linux Libertine/TMPro/LinLibertine_aRL SDF.asset
  artifactKey: Guid(d9709a2381c96f74e90df0f0f9d3f6fd) Importer(815301076,1909f56bfc062723c751e8b465ee728b)
Start importing Assets/Graphics/Fonts/Linux Libertine/TMPro/LinLibertine_aRL SDF.asset using Guid(d9709a2381c96f74e90df0f0f9d3f6fd) Importer(815301076,1909f56bfc062723c751e8b465ee728b)  -> (artifact id: '37bcfdb68bc06e102309d330c6962efc') in 0.137241 seconds 
========================================================================
Received Import Request.
  Time since last request: 0.000508 seconds.
  path: Assets/Graphics/Fonts/Linux Libertine/TMPro/LinLibertine_aZL SDF.asset
  artifactKey: Guid(8f3c441ce0170dd4291f7e4320e2e253) Importer(815301076,1909f56bfc062723c751e8b465ee728b)
Start importing Assets/Graphics/Fonts/Linux Libertine/TMPro/LinLibertine_aZL SDF.asset using Guid(8f3c441ce0170dd4291f7e4320e2e253) Importer(815301076,1909f56bfc062723c751e8b465ee728b)  -> (artifact id: 'ffb8554dfce227a8e4cc211eafd641b7') in 0.463362 seconds 
========================================================================
Received Import Request.
  Time since last request: 0.004089 seconds.
  path: Assets/Graphics/Fonts/Linux Libertine/TMPro/LinLibertine_aBS SDF.asset
  artifactKey: Guid(b8d7e176c56e3be42991119b90f03c77) Importer(815301076,1909f56bfc062723c751e8b465ee728b)
Start importing Assets/Graphics/Fonts/Linux Libertine/TMPro/LinLibertine_aBS SDF.asset using Guid(b8d7e176c56e3be42991119b90f03c77) Importer(815301076,1909f56bfc062723c751e8b465ee728b)  -> (artifact id: '2d8ae4443cec3236deac6f321c301937') in 0.165652 seconds 
========================================================================
Received Import Request.
  Time since last request: 0.003993 seconds.
  path: Assets/Graphics/Fonts/Linux Libertine/TMPro/LinLibertine_aS SDF.asset
  artifactKey: Guid(7f0dd49b65f9f7643af022be71aff3af) Importer(815301076,1909f56bfc062723c751e8b465ee728b)
Start importing Assets/Graphics/Fonts/Linux Libertine/TMPro/LinLibertine_aS SDF.asset using Guid(7f0dd49b65f9f7643af022be71aff3af) Importer(815301076,1909f56bfc062723c751e8b465ee728b)  -> (artifact id: 'f54abb60f9e36a37a482c130d59b728a') in 0.129699 seconds 
========================================================================
Received Import Request.
  Time since last request: 86.669144 seconds.
  path: Assets/TextMesh Pro/Resources/Fonts & Materials/LiberationSans SDF - Fallback.asset
  artifactKey: Guid(2e498d1c8094910479dc3e1b768306a4) Importer(815301076,1909f56bfc062723c751e8b465ee728b)
Start importing Assets/TextMesh Pro/Resources/Fonts & Materials/LiberationSans SDF - Fallback.asset using Guid(2e498d1c8094910479dc3e1b768306a4) Importer(815301076,1909f56bfc062723c751e8b465ee728b)  -> (artifact id: '06915ace34ceedb41a7319ecff38c15e') in 0.110282 seconds 
========================================================================
Received Import Request.
  Time since last request: 0.000599 seconds.
  path: Assets/Graphics/Fonts/Linux Libertine/TMPro/LinLibertine_aBL SDF.asset
  artifactKey: Guid(d88e0889376cff54b869198b3410978c) Importer(815301076,1909f56bfc062723c751e8b465ee728b)
Start importing Assets/Graphics/Fonts/Linux Libertine/TMPro/LinLibertine_aBL SDF.asset using Guid(d88e0889376cff54b869198b3410978c) Importer(815301076,1909f56bfc062723c751e8b465ee728b)  -> (artifact id: 'b7f30cd59cba9e689810f139402e02b3') in 0.141560 seconds 
========================================================================
Received Import Request.
  Time since last request: 0.002906 seconds.
  path: Assets/Graphics/Fonts/Linux Libertine/TMPro/LinLibertine_aRL SDF.asset
  artifactKey: Guid(d9709a2381c96f74e90df0f0f9d3f6fd) Importer(815301076,1909f56bfc062723c751e8b465ee728b)
Start importing Assets/Graphics/Fonts/Linux Libertine/TMPro/LinLibertine_aRL SDF.asset using Guid(d9709a2381c96f74e90df0f0f9d3f6fd) Importer(815301076,1909f56bfc062723c751e8b465ee728b)  -> (artifact id: '3e151982d51c95e49fafc4526a69535a') in 0.170241 seconds 
========================================================================
Received Import Request.
  Time since last request: 0.001287 seconds.
  path: Assets/Graphics/Fonts/Linux Libertine/TMPro/LinLibertine_aBS SDF.asset
  artifactKey: Guid(b8d7e176c56e3be42991119b90f03c77) Importer(815301076,1909f56bfc062723c751e8b465ee728b)
Start importing Assets/Graphics/Fonts/Linux Libertine/TMPro/LinLibertine_aBS SDF.asset using Guid(b8d7e176c56e3be42991119b90f03c77) Importer(815301076,1909f56bfc062723c751e8b465ee728b)  -> (artifact id: 'b5ff1d2743a10fdfb5850f00541b6874') in 0.129904 seconds 
========================================================================
Received Import Request.
  Time since last request: 0.003053 seconds.
  path: Assets/Graphics/Fonts/Linux Libertine/TMPro/LinLibertine_aS SDF.asset
  artifactKey: Guid(7f0dd49b65f9f7643af022be71aff3af) Importer(815301076,1909f56bfc062723c751e8b465ee728b)
Start importing Assets/Graphics/Fonts/Linux Libertine/TMPro/LinLibertine_aS SDF.asset using Guid(7f0dd49b65f9f7643af022be71aff3af) Importer(815301076,1909f56bfc062723c751e8b465ee728b)  -> (artifact id: 'e7b90cc0fb694f438db6e0141802a384') in 0.152230 seconds 
========================================================================
Received Import Request.
  Time since last request: 0.000476 seconds.
  path: Assets/Graphics/Fonts/Linux Libertine/TMPro/LinLibertine_aDRS SDF.asset
  artifactKey: Guid(945215ea8ffcd3446b4de2935e6ed44e) Importer(815301076,1909f56bfc062723c751e8b465ee728b)
Start importing Assets/Graphics/Fonts/Linux Libertine/TMPro/LinLibertine_aDRS SDF.asset using Guid(945215ea8ffcd3446b4de2935e6ed44e) Importer(815301076,1909f56bfc062723c751e8b465ee728b)  -> (artifact id: '843a4bab73613f66ca713d6ba4496706') in 0.162904 seconds 
========================================================================
Received Import Request.
  Time since last request: 0.000823 seconds.
  path: Assets/Graphics/Fonts/Linux Libertine/TMPro/LinLibertine_DR SDF.asset
  artifactKey: Guid(e2209a5176f44a147a6d9b9f0b506873) Importer(815301076,1909f56bfc062723c751e8b465ee728b)
Start importing Assets/Graphics/Fonts/Linux Libertine/TMPro/LinLibertine_DR SDF.asset using Guid(e2209a5176f44a147a6d9b9f0b506873) Importer(815301076,1909f56bfc062723c751e8b465ee728b)  -> (artifact id: '4ac4c4e4d639f609ec4666baba013ddd') in 0.163143 seconds 
========================================================================
Received Import Request.
  Time since last request: 16.946928 seconds.
  path: Assets/TextMesh Pro/Resources/Fonts & Materials/LiberationSans SDF - Fallback.asset
  artifactKey: Guid(2e498d1c8094910479dc3e1b768306a4) Importer(815301076,1909f56bfc062723c751e8b465ee728b)
Start importing Assets/TextMesh Pro/Resources/Fonts & Materials/LiberationSans SDF - Fallback.asset using Guid(2e498d1c8094910479dc3e1b768306a4) Importer(815301076,1909f56bfc062723c751e8b465ee728b)  -> (artifact id: 'd7aa8e3c6365b08d5b99396349f8ae70') in 0.084655 seconds 
========================================================================
Received Import Request.
  Time since last request: 0.003986 seconds.
  path: Assets/Graphics/Fonts/Linux Libertine/TMPro/LinLibertine_aBL SDF.asset
  artifactKey: Guid(d88e0889376cff54b869198b3410978c) Importer(815301076,1909f56bfc062723c751e8b465ee728b)
Start importing Assets/Graphics/Fonts/Linux Libertine/TMPro/LinLibertine_aBL SDF.asset using Guid(d88e0889376cff54b869198b3410978c) Importer(815301076,1909f56bfc062723c751e8b465ee728b)  -> (artifact id: '3eafe3a5eba0d4e4c87422f9570c0541') in 0.192572 seconds 
========================================================================
Received Import Request.
  Time since last request: 0.000583 seconds.
  path: Assets/Graphics/Fonts/Linux Libertine/TMPro/LinLibertine_aRL SDF.asset
  artifactKey: Guid(d9709a2381c96f74e90df0f0f9d3f6fd) Importer(815301076,1909f56bfc062723c751e8b465ee728b)
Start importing Assets/Graphics/Fonts/Linux Libertine/TMPro/LinLibertine_aRL SDF.asset using Guid(d9709a2381c96f74e90df0f0f9d3f6fd) Importer(815301076,1909f56bfc062723c751e8b465ee728b)  -> (artifact id: 'fcfa88dad0a3301653bd7e70ab93e4b1') in 0.168316 seconds 
========================================================================
Received Import Request.
  Time since last request: 0.000503 seconds.
  path: Assets/Graphics/Fonts/Linux Libertine/TMPro/LinLibertine_aBS SDF.asset
  artifactKey: Guid(b8d7e176c56e3be42991119b90f03c77) Importer(815301076,1909f56bfc062723c751e8b465ee728b)
Start importing Assets/Graphics/Fonts/Linux Libertine/TMPro/LinLibertine_aBS SDF.asset using Guid(b8d7e176c56e3be42991119b90f03c77) Importer(815301076,1909f56bfc062723c751e8b465ee728b)  -> (artifact id: '72b5c73f3b86b4a0045c3ba7ebc55d0a') in 0.138240 seconds 
========================================================================
Received Import Request.
  Time since last request: 0.000324 seconds.
  path: Assets/Graphics/Fonts/Linux Libertine/TMPro/LinLibertine_aS SDF.asset
  artifactKey: Guid(7f0dd49b65f9f7643af022be71aff3af) Importer(815301076,1909f56bfc062723c751e8b465ee728b)
Start importing Assets/Graphics/Fonts/Linux Libertine/TMPro/LinLibertine_aS SDF.asset using Guid(7f0dd49b65f9f7643af022be71aff3af) Importer(815301076,1909f56bfc062723c751e8b465ee728b)  -> (artifact id: '0f1bb0b1d0f539b60eb76e87c244c6b8') in 0.134336 seconds 
========================================================================
Received Import Request.
  Time since last request: 0.000580 seconds.
  path: Assets/Graphics/Fonts/Linux Libertine/TMPro/LinLibertine_aDRS SDF.asset
  artifactKey: Guid(945215ea8ffcd3446b4de2935e6ed44e) Importer(815301076,1909f56bfc062723c751e8b465ee728b)
Start importing Assets/Graphics/Fonts/Linux Libertine/TMPro/LinLibertine_aDRS SDF.asset using Guid(945215ea8ffcd3446b4de2935e6ed44e) Importer(815301076,1909f56bfc062723c751e8b465ee728b)  -> (artifact id: '2d8e8e67e2ae079214ab81b3a689f931') in 0.124816 seconds 
========================================================================
Received Prepare
Registering precompiled user dll's ...
Registered in 0.007616 seconds.
Begin MonoManager ReloadAssembly
Native extension for WindowsStandalone target not found
Native extension for WebGL target not found
Refreshing native plugins compatible for Editor in 1.33 ms, found 2 plugins.
Preloading 0 native plugins for Editor in 0.00 ms.
Mono: successfully reloaded assembly
- Completed reload, in  2.260 seconds
Domain Reload Profiling:
	ReloadAssembly (2261ms)
		BeginReloadAssembly (212ms)
			ExecutionOrderSort (0ms)
			DisableScriptedObjects (11ms)
			BackupInstance (0ms)
			ReleaseScriptingObjects (0ms)
			CreateAndSetChildDomain (64ms)
		EndReloadAssembly (1935ms)
			LoadAssemblies (237ms)
			RebuildTransferFunctionScriptingTraits (0ms)
			SetupTypeCache (698ms)
			ReleaseScriptCaches (3ms)
			RebuildScriptCaches (118ms)
			SetupLoadedEditorAssemblies (685ms)
				LogAssemblyErrors (0ms)
				InitializePlatformSupportModulesInManaged (14ms)
				SetLoadedEditorAssemblies (1ms)
				RefreshPlugins (1ms)
				BeforeProcessingInitializeOnLoad (223ms)
				ProcessInitializeOnLoadAttributes (414ms)
				ProcessInitializeOnLoadMethodAttributes (23ms)
				AfterProcessingInitializeOnLoad (8ms)
				EditorAssembliesLoaded (0ms)
			ExecutionOrderSort2 (0ms)
			AwakeInstancesAfterBackupRestoration (16ms)
Platform modules already initialized, skipping
Refreshing native plugins compatible for Editor in 1.35 ms, found 2 plugins.
Preloading 0 native plugins for Editor in 0.00 ms.
Unloading 3262 Unused Serialized files (Serialized files now loaded: 0)
System memory in use before: 139.8 MB.
System memory in use after: 139.9 MB.

Unloading 23 unused Assets to reduce memory usage. Loaded Objects now: 3814.
Total: 8.986291 ms (FindLiveObjects: 1.077601 ms CreateObjectMapping: 0.240514 ms MarkObjects: 7.089406 ms  DeleteObjects: 0.575977 ms)

AssetImportParameters requested are different than current active one (requested -> active):
  custom:framework-win-MediaFoundation: 216162199b28c13a410421893ffa2e32 -> 
  custom:video-decoder-ogg-theora: a1e56fd34408186e4bbccfd4996cb3dc -> 
  custom:container-muxer-webm: aa71ff27fc2769a1b78a27578f13a17b -> 
  custom:container-demuxer-webm: 4f35f7cbe854078d1ac9338744f61a02 -> 
  custom:container-demuxer-ogg: 62fdf1f143b41e24485cea50d1cbac27 -> 
  custom:video-encoder-webm-vp8: eb34c28f22e8b96e1ab97ce403110664 -> 
  custom:video-decoder-webm-vp8: 9c59270c3fd7afecdb556c50c9e8de78 -> 
  custom:audio-decoder-ogg-vorbis: bf7c407c2cedff20999df2af8eb42d56 -> 
  custom:audio-encoder-webm-vorbis: bf7c407c2cedff20999df2af8eb42d56 -> 
========================================================================
Received Prepare
Registering precompiled user dll's ...
Registered in 0.007415 seconds.
Begin MonoManager ReloadAssembly
Native extension for WindowsStandalone target not found
Native extension for WebGL target not found
Refreshing native plugins compatible for Editor in 1.32 ms, found 2 plugins.
Preloading 0 native plugins for Editor in 0.00 ms.
Mono: successfully reloaded assembly
- Completed reload, in  2.110 seconds
Domain Reload Profiling:
	ReloadAssembly (2110ms)
		BeginReloadAssembly (203ms)
			ExecutionOrderSort (0ms)
			DisableScriptedObjects (11ms)
			BackupInstance (0ms)
			ReleaseScriptingObjects (0ms)
			CreateAndSetChildDomain (62ms)
		EndReloadAssembly (1792ms)
			LoadAssemblies (209ms)
			RebuildTransferFunctionScriptingTraits (0ms)
			SetupTypeCache (690ms)
			ReleaseScriptCaches (3ms)
			RebuildScriptCaches (103ms)
			SetupLoadedEditorAssemblies (606ms)
				LogAssemblyErrors (0ms)
				InitializePlatformSupportModulesInManaged (10ms)
				SetLoadedEditorAssemblies (1ms)
				RefreshPlugins (2ms)
				BeforeProcessingInitializeOnLoad (208ms)
				ProcessInitializeOnLoadAttributes (358ms)
				ProcessInitializeOnLoadMethodAttributes (20ms)
				AfterProcessingInitializeOnLoad (7ms)
				EditorAssembliesLoaded (0ms)
			ExecutionOrderSort2 (0ms)
			AwakeInstancesAfterBackupRestoration (17ms)
Platform modules already initialized, skipping
Refreshing native plugins compatible for Editor in 1.33 ms, found 2 plugins.
Preloading 0 native plugins for Editor in 0.00 ms.
Unloading 3262 Unused Serialized files (Serialized files now loaded: 0)
System memory in use before: 139.9 MB.
System memory in use after: 139.9 MB.

Unloading 23 unused Assets to reduce memory usage. Loaded Objects now: 3817.
Total: 8.144666 ms (FindLiveObjects: 0.671275 ms CreateObjectMapping: 0.205955 ms MarkObjects: 6.960946 ms  DeleteObjects: 0.304395 ms)

AssetImportParameters requested are different than current active one (requested -> active):
  custom:framework-win-MediaFoundation: 216162199b28c13a410421893ffa2e32 -> 
  custom:video-decoder-ogg-theora: a1e56fd34408186e4bbccfd4996cb3dc -> 
  custom:container-muxer-webm: aa71ff27fc2769a1b78a27578f13a17b -> 
  custom:container-demuxer-webm: 4f35f7cbe854078d1ac9338744f61a02 -> 
  custom:container-demuxer-ogg: 62fdf1f143b41e24485cea50d1cbac27 -> 
  custom:video-encoder-webm-vp8: eb34c28f22e8b96e1ab97ce403110664 -> 
  custom:video-decoder-webm-vp8: 9c59270c3fd7afecdb556c50c9e8de78 -> 
  custom:audio-decoder-ogg-vorbis: bf7c407c2cedff20999df2af8eb42d56 -> 
  custom:audio-encoder-webm-vorbis: bf7c407c2cedff20999df2af8eb42d56 -> 
========================================================================
Received Prepare
Registering precompiled user dll's ...
Registered in 0.008921 seconds.
Begin MonoManager ReloadAssembly
Native extension for WindowsStandalone target not found
Native extension for WebGL target not found
Refreshing native plugins compatible for Editor in 1.32 ms, found 2 plugins.
Preloading 0 native plugins for Editor in 0.00 ms.
Mono: successfully reloaded assembly
- Completed reload, in  2.548 seconds
Domain Reload Profiling:
	ReloadAssembly (2550ms)
		BeginReloadAssembly (375ms)
			ExecutionOrderSort (0ms)
			DisableScriptedObjects (13ms)
			BackupInstance (0ms)
			ReleaseScriptingObjects (0ms)
			CreateAndSetChildDomain (196ms)
		EndReloadAssembly (2059ms)
			LoadAssemblies (239ms)
			RebuildTransferFunctionScriptingTraits (0ms)
			SetupTypeCache (736ms)
			ReleaseScriptCaches (3ms)
			RebuildScriptCaches (102ms)
			SetupLoadedEditorAssemblies (776ms)
				LogAssemblyErrors (0ms)
				InitializePlatformSupportModulesInManaged (10ms)
				SetLoadedEditorAssemblies (1ms)
				RefreshPlugins (1ms)
				BeforeProcessingInitializeOnLoad (227ms)
				ProcessInitializeOnLoadAttributes (510ms)
				ProcessInitializeOnLoadMethodAttributes (19ms)
				AfterProcessingInitializeOnLoad (7ms)
				EditorAssembliesLoaded (0ms)
			ExecutionOrderSort2 (0ms)
			AwakeInstancesAfterBackupRestoration (18ms)
Platform modules already initialized, skipping
Refreshing native plugins compatible for Editor in 1.38 ms, found 2 plugins.
Preloading 0 native plugins for Editor in 0.00 ms.
Unloading 3262 Unused Serialized files (Serialized files now loaded: 0)
System memory in use before: 139.9 MB.
System memory in use after: 140.0 MB.

Unloading 23 unused Assets to reduce memory usage. Loaded Objects now: 3820.
Total: 8.172941 ms (FindLiveObjects: 0.658010 ms CreateObjectMapping: 0.193389 ms MarkObjects: 7.010864 ms  DeleteObjects: 0.308584 ms)

AssetImportParameters requested are different than current active one (requested -> active):
  custom:framework-win-MediaFoundation: 216162199b28c13a410421893ffa2e32 -> 
  custom:video-decoder-ogg-theora: a1e56fd34408186e4bbccfd4996cb3dc -> 
  custom:container-muxer-webm: aa71ff27fc2769a1b78a27578f13a17b -> 
  custom:container-demuxer-webm: 4f35f7cbe854078d1ac9338744f61a02 -> 
  custom:container-demuxer-ogg: 62fdf1f143b41e24485cea50d1cbac27 -> 
  custom:video-encoder-webm-vp8: eb34c28f22e8b96e1ab97ce403110664 -> 
  custom:video-decoder-webm-vp8: 9c59270c3fd7afecdb556c50c9e8de78 -> 
  custom:audio-decoder-ogg-vorbis: bf7c407c2cedff20999df2af8eb42d56 -> 
  custom:audio-encoder-webm-vorbis: bf7c407c2cedff20999df2af8eb42d56 -> 
========================================================================
Received Import Request.
  Time since last request: 1787.632842 seconds.
  path: Assets/Graphics/Fonts/Linux Libertine/TMPro/LinLibertine_aSI SDF.asset
  artifactKey: Guid(f807f9a15819b08419512822f2876e9d) Importer(815301076,1909f56bfc062723c751e8b465ee728b)
Start importing Assets/Graphics/Fonts/Linux Libertine/TMPro/LinLibertine_aSI SDF.asset using Guid(f807f9a15819b08419512822f2876e9d) Importer(815301076,1909f56bfc062723c751e8b465ee728b)  -> (artifact id: '2a45b6ab2d1b440e4d883ae9bb29f9c0') in 0.311861 seconds 
========================================================================
Received Import Request.
  Time since last request: 0.000451 seconds.
  path: Assets/Graphics/Fonts/Linux Libertine/TMPro/LinLibertine_aSZI SDF.asset
  artifactKey: Guid(2fa0332871ff4f048ab605397980a622) Importer(815301076,1909f56bfc062723c751e8b465ee728b)
Start importing Assets/Graphics/Fonts/Linux Libertine/TMPro/LinLibertine_aSZI SDF.asset using Guid(2fa0332871ff4f048ab605397980a622) Importer(815301076,1909f56bfc062723c751e8b465ee728b)  -> (artifact id: '232619b36af1953d597f3b66715467b4') in 0.159042 seconds 
========================================================================
Received Import Request.
  Time since last request: 0.000363 seconds.
  path: Assets/Graphics/Fonts/Linux Libertine/TMPro/LinLibertine_RBI SDF.asset
  artifactKey: Guid(f83b6ee9ef72d5d40a8fb091cd91a69e) Importer(815301076,1909f56bfc062723c751e8b465ee728b)
Start importing Assets/Graphics/Fonts/Linux Libertine/TMPro/LinLibertine_RBI SDF.asset using Guid(f83b6ee9ef72d5d40a8fb091cd91a69e) Importer(815301076,1909f56bfc062723c751e8b465ee728b)  -> (artifact id: 'd2d35db066eb24ecbda567398a661bef') in 0.139805 seconds 
========================================================================
Received Import Request.
  Time since last request: 0.000375 seconds.
  path: Assets/Graphics/Fonts/Linux Libertine/TMPro/LinLibertine_RB SDF.asset
  artifactKey: Guid(d9138ae6fbc9c8d4abd8cb07109d7c09) Importer(815301076,1909f56bfc062723c751e8b465ee728b)
Start importing Assets/Graphics/Fonts/Linux Libertine/TMPro/LinLibertine_RB SDF.asset using Guid(d9138ae6fbc9c8d4abd8cb07109d7c09) Importer(815301076,1909f56bfc062723c751e8b465ee728b)  -> (artifact id: 'cf99fb162e71fa8a675b3b20e83cbbb7') in 0.146701 seconds 
========================================================================
Received Import Request.
  Time since last request: 0.000307 seconds.
  path: Assets/Graphics/Fonts/Linux Libertine/TMPro/LinLibertine_aZL SDF.asset
  artifactKey: Guid(8f3c441ce0170dd4291f7e4320e2e253) Importer(815301076,1909f56bfc062723c751e8b465ee728b)
Start importing Assets/Graphics/Fonts/Linux Libertine/TMPro/LinLibertine_aZL SDF.asset using Guid(8f3c441ce0170dd4291f7e4320e2e253) Importer(815301076,1909f56bfc062723c751e8b465ee728b)  -> (artifact id: '26ff5d10585037697a0422ae4cf08baa') in 0.143772 seconds 
========================================================================
Received Import Request.
  Time since last request: 0.000620 seconds.
  path: Assets/Graphics/Fonts/Linux Libertine/TMPro/LinLibertine_RI SDF.asset
  artifactKey: Guid(ac6e9627fd5b21f4cb45ef451fd067bc) Importer(815301076,1909f56bfc062723c751e8b465ee728b)
Start importing Assets/Graphics/Fonts/Linux Libertine/TMPro/LinLibertine_RI SDF.asset using Guid(ac6e9627fd5b21f4cb45ef451fd067bc) Importer(815301076,1909f56bfc062723c751e8b465ee728b)  -> (artifact id: 'edda1a2124805b5eded00afbc2747f26') in 0.165963 seconds 
========================================================================
Received Import Request.
  Time since last request: 0.000305 seconds.
  path: Assets/Graphics/Fonts/Linux Libertine/TMPro/LinLibertine_DR SDF.asset
  artifactKey: Guid(e2209a5176f44a147a6d9b9f0b506873) Importer(815301076,1909f56bfc062723c751e8b465ee728b)
Start importing Assets/Graphics/Fonts/Linux Libertine/TMPro/LinLibertine_DR SDF.asset using Guid(e2209a5176f44a147a6d9b9f0b506873) Importer(815301076,1909f56bfc062723c751e8b465ee728b)  -> (artifact id: '51e0b27b63841aa1ae50f820558ff9c5') in 0.129631 seconds 
========================================================================
Received Import Request.
  Time since last request: 0.000290 seconds.
  path: Assets/Graphics/Fonts/Linux Libertine/TMPro/LinLibertine_R SDF.asset
  artifactKey: Guid(7d15c12f2b23a1b4688659285ee7b24d) Importer(815301076,1909f56bfc062723c751e8b465ee728b)
Start importing Assets/Graphics/Fonts/Linux Libertine/TMPro/LinLibertine_R SDF.asset using Guid(7d15c12f2b23a1b4688659285ee7b24d) Importer(815301076,1909f56bfc062723c751e8b465ee728b)  -> (artifact id: 'de4b5f9325d3c0c88be02784081b5e5d') in 0.150574 seconds 
========================================================================
Received Import Request.
  Time since last request: 54.789989 seconds.
  path: Assets/Graphics/Fonts/Linux Libertine/TMPro/LinLibertine_aSI SDF.asset
  artifactKey: Guid(f807f9a15819b08419512822f2876e9d) Importer(815301076,1909f56bfc062723c751e8b465ee728b)
Start importing Assets/Graphics/Fonts/Linux Libertine/TMPro/LinLibertine_aSI SDF.asset using Guid(f807f9a15819b08419512822f2876e9d) Importer(815301076,1909f56bfc062723c751e8b465ee728b)  -> (artifact id: 'bff2ddd341dffe4c58954846ffcaca00') in 0.138463 seconds 
========================================================================
Received Import Request.
  Time since last request: 0.000246 seconds.
  path: Assets/Graphics/Fonts/Linux Libertine/TMPro/LinLibertine_aSZI SDF.asset
  artifactKey: Guid(2fa0332871ff4f048ab605397980a622) Importer(815301076,1909f56bfc062723c751e8b465ee728b)
Start importing Assets/Graphics/Fonts/Linux Libertine/TMPro/LinLibertine_aSZI SDF.asset using Guid(2fa0332871ff4f048ab605397980a622) Importer(815301076,1909f56bfc062723c751e8b465ee728b)  -> (artifact id: '4ebe5ca25e4f9f601c07f245453ae36a') in 0.148007 seconds 
========================================================================
Received Import Request.
  Time since last request: 0.000440 seconds.
  path: Assets/Graphics/Fonts/Linux Libertine/TMPro/LinLibertine_RB SDF.asset
  artifactKey: Guid(d9138ae6fbc9c8d4abd8cb07109d7c09) Importer(815301076,1909f56bfc062723c751e8b465ee728b)
Start importing Assets/Graphics/Fonts/Linux Libertine/TMPro/LinLibertine_RB SDF.asset using Guid(d9138ae6fbc9c8d4abd8cb07109d7c09) Importer(815301076,1909f56bfc062723c751e8b465ee728b)  -> (artifact id: 'a42c7747d50af98a9c369e6024117fc5') in 0.104311 seconds 
========================================================================
Received Import Request.
  Time since last request: 0.000471 seconds.
  path: Assets/Graphics/Fonts/Linux Libertine/TMPro/LinLibertine_aZL SDF.asset
  artifactKey: Guid(8f3c441ce0170dd4291f7e4320e2e253) Importer(815301076,1909f56bfc062723c751e8b465ee728b)
Start importing Assets/Graphics/Fonts/Linux Libertine/TMPro/LinLibertine_aZL SDF.asset using Guid(8f3c441ce0170dd4291f7e4320e2e253) Importer(815301076,1909f56bfc062723c751e8b465ee728b)  -> (artifact id: '755947ee9e5b0df60bd291af9cf20270') in 0.113239 seconds 
========================================================================
Received Import Request.
  Time since last request: 0.000523 seconds.
  path: Assets/Graphics/Fonts/Linux Libertine/TMPro/LinLibertine_I SDF.asset
  artifactKey: Guid(2dd2fdf419571e644b05362f7ff8cc5c) Importer(815301076,1909f56bfc062723c751e8b465ee728b)
Start importing Assets/Graphics/Fonts/Linux Libertine/TMPro/LinLibertine_I SDF.asset using Guid(2dd2fdf419571e644b05362f7ff8cc5c) Importer(815301076,1909f56bfc062723c751e8b465ee728b)  -> (artifact id: '05470200b5b203504c03f8f3729ba7d9') in 0.196980 seconds 
========================================================================
Received Import Request.
  Time since last request: 0.000457 seconds.
  path: Assets/Graphics/Fonts/Linux Libertine/TMPro/LinLibertine_DR SDF.asset
  artifactKey: Guid(e2209a5176f44a147a6d9b9f0b506873) Importer(815301076,1909f56bfc062723c751e8b465ee728b)
Start importing Assets/Graphics/Fonts/Linux Libertine/TMPro/LinLibertine_DR SDF.asset using Guid(e2209a5176f44a147a6d9b9f0b506873) Importer(815301076,1909f56bfc062723c751e8b465ee728b)  -> (artifact id: 'fcd768251faf68a1018684e16e6f2748') in 0.124588 seconds 
========================================================================
Received Import Request.
  Time since last request: 0.001541 seconds.
  path: Assets/Graphics/Fonts/Linux Libertine/TMPro/LinLibertine_R SDF.asset
  artifactKey: Guid(7d15c12f2b23a1b4688659285ee7b24d) Importer(815301076,1909f56bfc062723c751e8b465ee728b)
Start importing Assets/Graphics/Fonts/Linux Libertine/TMPro/LinLibertine_R SDF.asset using Guid(7d15c12f2b23a1b4688659285ee7b24d) Importer(815301076,1909f56bfc062723c751e8b465ee728b)  -> (artifact id: '8e5d26b25fbca63c4d28ca921e7c21d0') in 0.137808 seconds 
========================================================================
Received Import Request.
  Time since last request: 200.707851 seconds.
  path: Packages/com.unity.render-pipelines.universal/Runtime/Materials/Lit.mat
  artifactKey: Guid(31321ba15b8f8eb4c954353edc038b1d) Importer(815301076,1909f56bfc062723c751e8b465ee728b)
Start importing Packages/com.unity.render-pipelines.universal/Runtime/Materials/Lit.mat using Guid(31321ba15b8f8eb4c954353edc038b1d) Importer(815301076,1909f56bfc062723c751e8b465ee728b)  -> (artifact id: 'ab8edc273b2a28d00804d5495697c4d1') in 0.447584 seconds 
========================================================================
Received Import Request.
  Time since last request: 0.000409 seconds.
  path: Packages/com.unity.render-pipelines.universal/Runtime/Materials/SimpleLit.mat
  artifactKey: Guid(6a1143ee683302f4aa628c052723efc1) Importer(815301076,1909f56bfc062723c751e8b465ee728b)
Start importing Packages/com.unity.render-pipelines.universal/Runtime/Materials/SimpleLit.mat using Guid(6a1143ee683302f4aa628c052723efc1) Importer(815301076,1909f56bfc062723c751e8b465ee728b)  -> (artifact id: '2afdd6009410dabe4c2adf7f5e467a3f') in 1.219719 seconds 
========================================================================
Received Import Request.
  Time since last request: 0.003312 seconds.
  path: Packages/com.unity.render-pipelines.universal/Runtime/Materials/Sprite-Lit-Default.mat
  artifactKey: Guid(a97c105638bdf8b4a8650670310a4cd3) Importer(815301076,1909f56bfc062723c751e8b465ee728b)
Start importing Packages/com.unity.render-pipelines.universal/Runtime/Materials/Sprite-Lit-Default.mat using Guid(a97c105638bdf8b4a8650670310a4cd3) Importer(815301076,1909f56bfc062723c751e8b465ee728b)  -> (artifact id: '8550c64de2a9fc4a8d35392886f95d10') in 0.156484 seconds 
========================================================================
Received Import Request.
  Time since last request: 31.514326 seconds.
  path: Assets/Graphics/Fonts/Linux Libertine/TMPro/LinLibertine_R SDF.asset
  artifactKey: Guid(7d15c12f2b23a1b4688659285ee7b24d) Importer(815301076,1909f56bfc062723c751e8b465ee728b)
Start importing Assets/Graphics/Fonts/Linux Libertine/TMPro/LinLibertine_R SDF.asset using Guid(7d15c12f2b23a1b4688659285ee7b24d) Importer(815301076,1909f56bfc062723c751e8b465ee728b)  -> (artifact id: '13f0ab9200a6baf0544a606eebb36f3b') in 0.483401 seconds 
========================================================================
Received Import Request.
  Time since last request: 0.000101 seconds.
  path: Assets/TextMesh Pro/Resources/Fonts & Materials/LiberationSans SDF - Outline.mat
  artifactKey: Guid(79459efec17a4d00a321bdcc27bbc385) Importer(815301076,1909f56bfc062723c751e8b465ee728b)
Start importing Assets/TextMesh Pro/Resources/Fonts & Materials/LiberationSans SDF - Outline.mat using Guid(79459efec17a4d00a321bdcc27bbc385) Importer(815301076,1909f56bfc062723c751e8b465ee728b)  -> (artifact id: '289988fcecf3b00d1602f8d2b589f7dd') in 0.333974 seconds 
========================================================================
Received Import Request.
  Time since last request: 0.000449 seconds.
  path: Assets/TextMesh Pro/Resources/Fonts & Materials/LiberationSans SDF - Drop Shadow.mat
  artifactKey: Guid(e73a58f6e2794ae7b1b7e50b7fb811b0) Importer(815301076,1909f56bfc062723c751e8b465ee728b)
Start importing Assets/TextMesh Pro/Resources/Fonts & Materials/LiberationSans SDF - Drop Shadow.mat using Guid(e73a58f6e2794ae7b1b7e50b7fb811b0) Importer(815301076,1909f56bfc062723c751e8b465ee728b)  -> (artifact id: 'ca0d2861f60500f05bd29199894f7bb5') in 0.314837 seconds 
========================================================================
Received Import Request.
  Time since last request: 622.212015 seconds.
  path: Assets/Graphics/Animations/FormulaShower.controller
  artifactKey: Guid(c71d63920bf356742acf7bd5108b8dfa) Importer(815301076,1909f56bfc062723c751e8b465ee728b)
Start importing Assets/Graphics/Animations/FormulaShower.controller using Guid(c71d63920bf356742acf7bd5108b8dfa) Importer(815301076,1909f56bfc062723c751e8b465ee728b)  -> (artifact id: 'c9a98c91a47ee15b9319b2f3154e80d9') in 0.031812 seconds 
========================================================================
Received Import Request.
  Time since last request: 16.727153 seconds.
  path: Assets/Graphics/Animations/Close.anim
  artifactKey: Guid(a25e2fb80ba93c34f80582dda923eb93) Importer(815301076,1909f56bfc062723c751e8b465ee728b)
Start importing Assets/Graphics/Animations/Close.anim using Guid(a25e2fb80ba93c34f80582dda923eb93) Importer(815301076,1909f56bfc062723c751e8b465ee728b)  -> (artifact id: 'fac9c5813cadeeb6472a3506faae50f3') in 0.025986 seconds 
========================================================================
Received Import Request.
  Time since last request: 0.373213 seconds.
  path: Assets/Graphics/Animations/ShowFormula.anim
  artifactKey: Guid(33ed3a780993a17468c4f358c95d14ba) Importer(815301076,1909f56bfc062723c751e8b465ee728b)
Start importing Assets/Graphics/Animations/ShowFormula.anim using Guid(33ed3a780993a17468c4f358c95d14ba) Importer(815301076,1909f56bfc062723c751e8b465ee728b)  -> (artifact id: '7dd3b54ace3c95460980ff6a1e94b2d2') in 0.026187 seconds 
========================================================================
Received Import Request.
  Time since last request: 1.242525 seconds.
  path: Assets/Graphics/Animations/ShowFormula.anim
  artifactKey: Guid(33ed3a780993a17468c4f358c95d14ba) Importer(815301076,1909f56bfc062723c751e8b465ee728b)
Start importing Assets/Graphics/Animations/ShowFormula.anim using Guid(33ed3a780993a17468c4f358c95d14ba) Importer(815301076,1909f56bfc062723c751e8b465ee728b)  -> (artifact id: '61c6652fac3d32738a41546bd15b3961') in 0.018736 seconds 
========================================================================
Received Prepare
Registering precompiled user dll's ...
Registered in 0.007732 seconds.
Begin MonoManager ReloadAssembly
Native extension for WindowsStandalone target not found
Native extension for WebGL target not found
Refreshing native plugins compatible for Editor in 1.36 ms, found 2 plugins.
Preloading 0 native plugins for Editor in 0.00 ms.
Mono: successfully reloaded assembly
- Completed reload, in  2.241 seconds
Domain Reload Profiling:
	ReloadAssembly (2242ms)
		BeginReloadAssembly (234ms)
			ExecutionOrderSort (0ms)
			DisableScriptedObjects (10ms)
			BackupInstance (0ms)
			ReleaseScriptingObjects (0ms)
			CreateAndSetChildDomain (70ms)
		EndReloadAssembly (1892ms)
			LoadAssemblies (231ms)
			RebuildTransferFunctionScriptingTraits (0ms)
			SetupTypeCache (770ms)
			ReleaseScriptCaches (3ms)
			RebuildScriptCaches (103ms)
			SetupLoadedEditorAssemblies (623ms)
				LogAssemblyErrors (0ms)
				InitializePlatformSupportModulesInManaged (9ms)
				SetLoadedEditorAssemblies (1ms)
				RefreshPlugins (1ms)
				BeforeProcessingInitializeOnLoad (223ms)
				ProcessInitializeOnLoadAttributes (361ms)
				ProcessInitializeOnLoadMethodAttributes (20ms)
				AfterProcessingInitializeOnLoad (7ms)
				EditorAssembliesLoaded (1ms)
			ExecutionOrderSort2 (0ms)
			AwakeInstancesAfterBackupRestoration (17ms)
Platform modules already initialized, skipping
Refreshing native plugins compatible for Editor in 1.30 ms, found 2 plugins.
Preloading 0 native plugins for Editor in 0.00 ms.
Unloading 3262 Unused Serialized files (Serialized files now loaded: 0)
System memory in use before: 140.0 MB.
System memory in use after: 140.1 MB.

Unloading 23 unused Assets to reduce memory usage. Loaded Objects now: 3825.
Total: 7.797683 ms (FindLiveObjects: 0.634622 ms CreateObjectMapping: 0.187454 ms MarkObjects: 6.649220 ms  DeleteObjects: 0.321500 ms)

AssetImportParameters requested are different than current active one (requested -> active):
  custom:framework-win-MediaFoundation: 216162199b28c13a410421893ffa2e32 -> 
  custom:video-decoder-ogg-theora: a1e56fd34408186e4bbccfd4996cb3dc -> 
  custom:container-muxer-webm: aa71ff27fc2769a1b78a27578f13a17b -> 
  custom:container-demuxer-webm: 4f35f7cbe854078d1ac9338744f61a02 -> 
  custom:container-demuxer-ogg: 62fdf1f143b41e24485cea50d1cbac27 -> 
  custom:video-encoder-webm-vp8: eb34c28f22e8b96e1ab97ce403110664 -> 
  custom:video-decoder-webm-vp8: 9c59270c3fd7afecdb556c50c9e8de78 -> 
  custom:audio-decoder-ogg-vorbis: bf7c407c2cedff20999df2af8eb42d56 -> 
  custom:audio-encoder-webm-vorbis: bf7c407c2cedff20999df2af8eb42d56 -> 
========================================================================
Received Prepare
Registering precompiled user dll's ...
Registered in 0.008834 seconds.
Begin MonoManager ReloadAssembly
Native extension for WindowsStandalone target not found
Native extension for WebGL target not found
Refreshing native plugins compatible for Editor in 1.36 ms, found 2 plugins.
Preloading 0 native plugins for Editor in 0.00 ms.
Mono: successfully reloaded assembly
- Completed reload, in  2.526 seconds
Domain Reload Profiling:
	ReloadAssembly (2527ms)
		BeginReloadAssembly (214ms)
			ExecutionOrderSort (0ms)
			DisableScriptedObjects (11ms)
			BackupInstance (0ms)
			ReleaseScriptingObjects (0ms)
			CreateAndSetChildDomain (65ms)
		EndReloadAssembly (2190ms)
			LoadAssemblies (223ms)
			RebuildTransferFunctionScriptingTraits (0ms)
			SetupTypeCache (842ms)
			ReleaseScriptCaches (3ms)
			RebuildScriptCaches (120ms)
			SetupLoadedEditorAssemblies (767ms)
				LogAssemblyErrors (0ms)
				InitializePlatformSupportModulesInManaged (13ms)
				SetLoadedEditorAssemblies (1ms)
				RefreshPlugins (1ms)
				BeforeProcessingInitializeOnLoad (264ms)
				ProcessInitializeOnLoadAttributes (454ms)
				ProcessInitializeOnLoadMethodAttributes (26ms)
				AfterProcessingInitializeOnLoad (8ms)
				EditorAssembliesLoaded (0ms)
			ExecutionOrderSort2 (0ms)
			AwakeInstancesAfterBackupRestoration (19ms)
Platform modules already initialized, skipping
Refreshing native plugins compatible for Editor in 1.58 ms, found 2 plugins.
Preloading 0 native plugins for Editor in 0.00 ms.
Unloading 3262 Unused Serialized files (Serialized files now loaded: 0)
System memory in use before: 140.0 MB.
System memory in use after: 140.1 MB.

Unloading 23 unused Assets to reduce memory usage. Loaded Objects now: 3828.
Total: 20.049241 ms (FindLiveObjects: 1.929000 ms CreateObjectMapping: 6.173079 ms MarkObjects: 11.558290 ms  DeleteObjects: 0.385730 ms)

AssetImportParameters requested are different than current active one (requested -> active):
  custom:framework-win-MediaFoundation: 216162199b28c13a410421893ffa2e32 -> 
  custom:video-decoder-ogg-theora: a1e56fd34408186e4bbccfd4996cb3dc -> 
  custom:container-muxer-webm: aa71ff27fc2769a1b78a27578f13a17b -> 
  custom:container-demuxer-webm: 4f35f7cbe854078d1ac9338744f61a02 -> 
  custom:container-demuxer-ogg: 62fdf1f143b41e24485cea50d1cbac27 -> 
  custom:video-encoder-webm-vp8: eb34c28f22e8b96e1ab97ce403110664 -> 
  custom:video-decoder-webm-vp8: 9c59270c3fd7afecdb556c50c9e8de78 -> 
  custom:audio-decoder-ogg-vorbis: bf7c407c2cedff20999df2af8eb42d56 -> 
  custom:audio-encoder-webm-vorbis: bf7c407c2cedff20999df2af8eb42d56 -> 
========================================================================
Received Prepare
Registering precompiled user dll's ...
Registered in 0.009715 seconds.
Begin MonoManager ReloadAssembly
Native extension for WindowsStandalone target not found
Native extension for WebGL target not found
Refreshing native plugins compatible for Editor in 1.38 ms, found 2 plugins.
Preloading 0 native plugins for Editor in 0.00 ms.
Mono: successfully reloaded assembly
- Completed reload, in  2.239 seconds
Domain Reload Profiling:
	ReloadAssembly (2240ms)
		BeginReloadAssembly (251ms)
			ExecutionOrderSort (0ms)
			DisableScriptedObjects (13ms)
			BackupInstance (0ms)
			ReleaseScriptingObjects (0ms)
			CreateAndSetChildDomain (79ms)
		EndReloadAssembly (1850ms)
			LoadAssemblies (240ms)
			RebuildTransferFunctionScriptingTraits (0ms)
			SetupTypeCache (745ms)
			ReleaseScriptCaches (3ms)
			RebuildScriptCaches (100ms)
			SetupLoadedEditorAssemblies (606ms)
				LogAssemblyErrors (0ms)
				InitializePlatformSupportModulesInManaged (9ms)
				SetLoadedEditorAssemblies (1ms)
				RefreshPlugins (1ms)
				BeforeProcessingInitializeOnLoad (207ms)
				ProcessInitializeOnLoadAttributes (359ms)
				ProcessInitializeOnLoadMethodAttributes (20ms)
				AfterProcessingInitializeOnLoad (7ms)
				EditorAssembliesLoaded (0ms)
			ExecutionOrderSort2 (0ms)
			AwakeInstancesAfterBackupRestoration (16ms)
Platform modules already initialized, skipping
Refreshing native plugins compatible for Editor in 1.35 ms, found 2 plugins.
Preloading 0 native plugins for Editor in 0.00 ms.
Unloading 3262 Unused Serialized files (Serialized files now loaded: 0)
System memory in use before: 140.0 MB.
System memory in use after: 140.1 MB.

Unloading 23 unused Assets to reduce memory usage. Loaded Objects now: 3831.
Total: 7.854932 ms (FindLiveObjects: 0.632528 ms CreateObjectMapping: 0.193389 ms MarkObjects: 6.700883 ms  DeleteObjects: 0.326038 ms)

AssetImportParameters requested are different than current active one (requested -> active):
  custom:framework-win-MediaFoundation: 216162199b28c13a410421893ffa2e32 -> 
  custom:video-decoder-ogg-theora: a1e56fd34408186e4bbccfd4996cb3dc -> 
  custom:container-muxer-webm: aa71ff27fc2769a1b78a27578f13a17b -> 
  custom:container-demuxer-webm: 4f35f7cbe854078d1ac9338744f61a02 -> 
  custom:container-demuxer-ogg: 62fdf1f143b41e24485cea50d1cbac27 -> 
  custom:video-encoder-webm-vp8: eb34c28f22e8b96e1ab97ce403110664 -> 
  custom:video-decoder-webm-vp8: 9c59270c3fd7afecdb556c50c9e8de78 -> 
  custom:audio-decoder-ogg-vorbis: bf7c407c2cedff20999df2af8eb42d56 -> 
  custom:audio-encoder-webm-vorbis: bf7c407c2cedff20999df2af8eb42d56 -> 
========================================================================
Received Prepare
Registering precompiled user dll's ...
Registered in 0.010117 seconds.
Begin MonoManager ReloadAssembly
Native extension for WindowsStandalone target not found
Native extension for WebGL target not found
Refreshing native plugins compatible for Editor in 1.55 ms, found 2 plugins.
Preloading 0 native plugins for Editor in 0.00 ms.
Mono: successfully reloaded assembly
- Completed reload, in  2.488 seconds
Domain Reload Profiling:
	ReloadAssembly (2489ms)
		BeginReloadAssembly (271ms)
			ExecutionOrderSort (0ms)
			DisableScriptedObjects (12ms)
			BackupInstance (0ms)
			ReleaseScriptingObjects (0ms)
			CreateAndSetChildDomain (85ms)
		EndReloadAssembly (2071ms)
			LoadAssemblies (299ms)
			RebuildTransferFunctionScriptingTraits (0ms)
			SetupTypeCache (821ms)
			ReleaseScriptCaches (3ms)
			RebuildScriptCaches (112ms)
			SetupLoadedEditorAssemblies (656ms)
				LogAssemblyErrors (0ms)
				InitializePlatformSupportModulesInManaged (10ms)
				SetLoadedEditorAssemblies (1ms)
				RefreshPlugins (2ms)
				BeforeProcessingInitializeOnLoad (220ms)
				ProcessInitializeOnLoadAttributes (393ms)
				ProcessInitializeOnLoadMethodAttributes (22ms)
				AfterProcessingInitializeOnLoad (9ms)
				EditorAssembliesLoaded (0ms)
			ExecutionOrderSort2 (0ms)
			AwakeInstancesAfterBackupRestoration (17ms)
Platform modules already initialized, skipping
Refreshing native plugins compatible for Editor in 1.33 ms, found 2 plugins.
Preloading 0 native plugins for Editor in 0.00 ms.
Unloading 3262 Unused Serialized files (Serialized files now loaded: 0)
System memory in use before: 140.0 MB.
System memory in use after: 140.1 MB.

Unloading 23 unused Assets to reduce memory usage. Loaded Objects now: 3834.
Total: 8.182715 ms (FindLiveObjects: 0.638113 ms CreateObjectMapping: 0.192341 ms MarkObjects: 6.939303 ms  DeleteObjects: 0.409118 ms)

AssetImportParameters requested are different than current active one (requested -> active):
  custom:framework-win-MediaFoundation: 216162199b28c13a410421893ffa2e32 -> 
  custom:video-decoder-ogg-theora: a1e56fd34408186e4bbccfd4996cb3dc -> 
  custom:container-muxer-webm: aa71ff27fc2769a1b78a27578f13a17b -> 
  custom:container-demuxer-webm: 4f35f7cbe854078d1ac9338744f61a02 -> 
  custom:container-demuxer-ogg: 62fdf1f143b41e24485cea50d1cbac27 -> 
  custom:video-encoder-webm-vp8: eb34c28f22e8b96e1ab97ce403110664 -> 
  custom:video-decoder-webm-vp8: 9c59270c3fd7afecdb556c50c9e8de78 -> 
  custom:audio-decoder-ogg-vorbis: bf7c407c2cedff20999df2af8eb42d56 -> 
  custom:audio-encoder-webm-vorbis: bf7c407c2cedff20999df2af8eb42d56 -> 
========================================================================
Received Prepare
Registering precompiled user dll's ...
Registered in 0.010527 seconds.
Begin MonoManager ReloadAssembly
Native extension for WindowsStandalone target not found
Native extension for WebGL target not found
Refreshing native plugins compatible for Editor in 1.32 ms, found 2 plugins.
Preloading 0 native plugins for Editor in 0.00 ms.
Mono: successfully reloaded assembly
- Completed reload, in  2.523 seconds
Domain Reload Profiling:
	ReloadAssembly (2524ms)
		BeginReloadAssembly (227ms)
			ExecutionOrderSort (0ms)
			DisableScriptedObjects (12ms)
			BackupInstance (0ms)
			ReleaseScriptingObjects (0ms)
			CreateAndSetChildDomain (71ms)
		EndReloadAssembly (2168ms)
			LoadAssemblies (229ms)
			RebuildTransferFunctionScriptingTraits (0ms)
			SetupTypeCache (809ms)
			ReleaseScriptCaches (4ms)
			RebuildScriptCaches (116ms)
			SetupLoadedEditorAssemblies (778ms)
				LogAssemblyErrors (0ms)
				InitializePlatformSupportModulesInManaged (12ms)
				SetLoadedEditorAssemblies (1ms)
				RefreshPlugins (1ms)
				BeforeProcessingInitializeOnLoad (267ms)
				ProcessInitializeOnLoadAttributes (469ms)
				ProcessInitializeOnLoadMethodAttributes (19ms)
				AfterProcessingInitializeOnLoad (8ms)
				EditorAssembliesLoaded (0ms)
			ExecutionOrderSort2 (0ms)
			AwakeInstancesAfterBackupRestoration (16ms)
Platform modules already initialized, skipping
Refreshing native plugins compatible for Editor in 1.61 ms, found 2 plugins.
Preloading 0 native plugins for Editor in 0.00 ms.
Unloading 3263 Unused Serialized files (Serialized files now loaded: 0)
System memory in use before: 140.1 MB.
System memory in use after: 140.1 MB.

Unloading 23 unused Assets to reduce memory usage. Loaded Objects now: 3838.
Total: 7.965589 ms (FindLiveObjects: 0.712117 ms CreateObjectMapping: 0.241910 ms MarkObjects: 6.683080 ms  DeleteObjects: 0.326736 ms)

AssetImportParameters requested are different than current active one (requested -> active):
  custom:framework-win-MediaFoundation: 216162199b28c13a410421893ffa2e32 -> 
  custom:video-decoder-ogg-theora: a1e56fd34408186e4bbccfd4996cb3dc -> 
  custom:container-muxer-webm: aa71ff27fc2769a1b78a27578f13a17b -> 
  custom:container-demuxer-webm: 4f35f7cbe854078d1ac9338744f61a02 -> 
  custom:container-demuxer-ogg: 62fdf1f143b41e24485cea50d1cbac27 -> 
  custom:video-encoder-webm-vp8: eb34c28f22e8b96e1ab97ce403110664 -> 
  custom:video-decoder-webm-vp8: 9c59270c3fd7afecdb556c50c9e8de78 -> 
  custom:audio-decoder-ogg-vorbis: bf7c407c2cedff20999df2af8eb42d56 -> 
  custom:audio-encoder-webm-vorbis: bf7c407c2cedff20999df2af8eb42d56 -> 
========================================================================
Received Prepare
Registering precompiled user dll's ...
Registered in 0.007355 seconds.
Begin MonoManager ReloadAssembly
Native extension for WindowsStandalone target not found
Native extension for WebGL target not found
Refreshing native plugins compatible for Editor in 1.87 ms, found 2 plugins.
Preloading 0 native plugins for Editor in 0.00 ms.
Mono: successfully reloaded assembly
- Completed reload, in  2.142 seconds
Domain Reload Profiling:
	ReloadAssembly (2143ms)
		BeginReloadAssembly (231ms)
			ExecutionOrderSort (0ms)
			DisableScriptedObjects (11ms)
			BackupInstance (0ms)
			ReleaseScriptingObjects (0ms)
			CreateAndSetChildDomain (75ms)
		EndReloadAssembly (1795ms)
			LoadAssemblies (255ms)
			RebuildTransferFunctionScriptingTraits (0ms)
			SetupTypeCache (686ms)
			ReleaseScriptCaches (3ms)
			RebuildScriptCaches (100ms)
			SetupLoadedEditorAssemblies (598ms)
				LogAssemblyErrors (0ms)
				InitializePlatformSupportModulesInManaged (9ms)
				SetLoadedEditorAssemblies (1ms)
				RefreshPlugins (2ms)
				BeforeProcessingInitializeOnLoad (204ms)
				ProcessInitializeOnLoadAttributes (355ms)
				ProcessInitializeOnLoadMethodAttributes (19ms)
				AfterProcessingInitializeOnLoad (7ms)
				EditorAssembliesLoaded (0ms)
			ExecutionOrderSort2 (0ms)
			AwakeInstancesAfterBackupRestoration (16ms)
Platform modules already initialized, skipping
Refreshing native plugins compatible for Editor in 1.30 ms, found 2 plugins.
Preloading 0 native plugins for Editor in 0.00 ms.
Unloading 3263 Unused Serialized files (Serialized files now loaded: 0)
System memory in use before: 140.1 MB.
System memory in use after: 140.1 MB.

Unloading 23 unused Assets to reduce memory usage. Loaded Objects now: 3841.
Total: 7.199365 ms (FindLiveObjects: 0.636717 ms CreateObjectMapping: 0.185011 ms MarkObjects: 6.047760 ms  DeleteObjects: 0.328132 ms)

AssetImportParameters requested are different than current active one (requested -> active):
  custom:framework-win-MediaFoundation: 216162199b28c13a410421893ffa2e32 -> 
  custom:video-decoder-ogg-theora: a1e56fd34408186e4bbccfd4996cb3dc -> 
  custom:container-muxer-webm: aa71ff27fc2769a1b78a27578f13a17b -> 
  custom:container-demuxer-webm: 4f35f7cbe854078d1ac9338744f61a02 -> 
  custom:container-demuxer-ogg: 62fdf1f143b41e24485cea50d1cbac27 -> 
  custom:video-encoder-webm-vp8: eb34c28f22e8b96e1ab97ce403110664 -> 
  custom:video-decoder-webm-vp8: 9c59270c3fd7afecdb556c50c9e8de78 -> 
  custom:audio-decoder-ogg-vorbis: bf7c407c2cedff20999df2af8eb42d56 -> 
  custom:audio-encoder-webm-vorbis: bf7c407c2cedff20999df2af8eb42d56 -> 
========================================================================
Received Prepare
Registering precompiled user dll's ...
Registered in 0.031811 seconds.
Begin MonoManager ReloadAssembly
Native extension for WindowsStandalone target not found
Native extension for WebGL target not found
Refreshing native plugins compatible for Editor in 1.72 ms, found 2 plugins.
Preloading 0 native plugins for Editor in 0.00 ms.
Mono: successfully reloaded assembly
- Completed reload, in  2.675 seconds
Domain Reload Profiling:
	ReloadAssembly (2676ms)
		BeginReloadAssembly (291ms)
			ExecutionOrderSort (0ms)
			DisableScriptedObjects (16ms)
			BackupInstance (0ms)
			ReleaseScriptingObjects (1ms)
			CreateAndSetChildDomain (84ms)
		EndReloadAssembly (2234ms)
			LoadAssemblies (319ms)
			RebuildTransferFunctionScriptingTraits (0ms)
			SetupTypeCache (803ms)
			ReleaseScriptCaches (4ms)
			RebuildScriptCaches (127ms)
			SetupLoadedEditorAssemblies (819ms)
				LogAssemblyErrors (0ms)
				InitializePlatformSupportModulesInManaged (13ms)
				SetLoadedEditorAssemblies (2ms)
				RefreshPlugins (2ms)
				BeforeProcessingInitializeOnLoad (274ms)
				ProcessInitializeOnLoadAttributes (489ms)
				ProcessInitializeOnLoadMethodAttributes (31ms)
				AfterProcessingInitializeOnLoad (9ms)
				EditorAssembliesLoaded (1ms)
			ExecutionOrderSort2 (0ms)
			AwakeInstancesAfterBackupRestoration (18ms)
Platform modules already initialized, skipping
Refreshing native plugins compatible for Editor in 1.53 ms, found 2 plugins.
Preloading 0 native plugins for Editor in 0.00 ms.
Unloading 3263 Unused Serialized files (Serialized files now loaded: 0)
System memory in use before: 140.1 MB.
System memory in use after: 140.1 MB.

Unloading 23 unused Assets to reduce memory usage. Loaded Objects now: 3844.
Total: 11.161390 ms (FindLiveObjects: 0.770413 ms CreateObjectMapping: 0.357804 ms MarkObjects: 9.631385 ms  DeleteObjects: 0.398995 ms)

AssetImportParameters requested are different than current active one (requested -> active):
  custom:framework-win-MediaFoundation: 216162199b28c13a410421893ffa2e32 -> 
  custom:video-decoder-ogg-theora: a1e56fd34408186e4bbccfd4996cb3dc -> 
  custom:container-muxer-webm: aa71ff27fc2769a1b78a27578f13a17b -> 
  custom:container-demuxer-webm: 4f35f7cbe854078d1ac9338744f61a02 -> 
  custom:container-demuxer-ogg: 62fdf1f143b41e24485cea50d1cbac27 -> 
  custom:video-encoder-webm-vp8: eb34c28f22e8b96e1ab97ce403110664 -> 
  custom:video-decoder-webm-vp8: 9c59270c3fd7afecdb556c50c9e8de78 -> 
  custom:audio-decoder-ogg-vorbis: bf7c407c2cedff20999df2af8eb42d56 -> 
  custom:audio-encoder-webm-vorbis: bf7c407c2cedff20999df2af8eb42d56 -> 
========================================================================
Received Prepare
Registering precompiled user dll's ...
Registered in 0.008597 seconds.
Begin MonoManager ReloadAssembly
Native extension for WindowsStandalone target not found
Native extension for WebGL target not found
Refreshing native plugins compatible for Editor in 1.45 ms, found 2 plugins.
Preloading 0 native plugins for Editor in 0.00 ms.
Mono: successfully reloaded assembly
- Completed reload, in  2.365 seconds
Domain Reload Profiling:
	ReloadAssembly (2366ms)
		BeginReloadAssembly (253ms)
			ExecutionOrderSort (0ms)
			DisableScriptedObjects (13ms)
			BackupInstance (0ms)
			ReleaseScriptingObjects (0ms)
			CreateAndSetChildDomain (94ms)
		EndReloadAssembly (1958ms)
			LoadAssemblies (254ms)
			RebuildTransferFunctionScriptingTraits (0ms)
			SetupTypeCache (800ms)
			ReleaseScriptCaches (3ms)
			RebuildScriptCaches (111ms)
			SetupLoadedEditorAssemblies (604ms)
				LogAssemblyErrors (0ms)
				InitializePlatformSupportModulesInManaged (9ms)
				SetLoadedEditorAssemblies (1ms)
				RefreshPlugins (2ms)
				BeforeProcessingInitializeOnLoad (206ms)
				ProcessInitializeOnLoadAttributes (358ms)
				ProcessInitializeOnLoadMethodAttributes (19ms)
				AfterProcessingInitializeOnLoad (8ms)
				EditorAssembliesLoaded (0ms)
			ExecutionOrderSort2 (0ms)
			AwakeInstancesAfterBackupRestoration (16ms)
Platform modules already initialized, skipping
Refreshing native plugins compatible for Editor in 1.73 ms, found 2 plugins.
Preloading 0 native plugins for Editor in 0.00 ms.
Unloading 3263 Unused Serialized files (Serialized files now loaded: 0)
System memory in use before: 140.1 MB.
System memory in use after: 140.1 MB.

Unloading 23 unused Assets to reduce memory usage. Loaded Objects now: 3847.
Total: 9.212842 ms (FindLiveObjects: 0.696409 ms CreateObjectMapping: 0.206654 ms MarkObjects: 7.935918 ms  DeleteObjects: 0.371069 ms)

AssetImportParameters requested are different than current active one (requested -> active):
  custom:framework-win-MediaFoundation: 216162199b28c13a410421893ffa2e32 -> 
  custom:video-decoder-ogg-theora: a1e56fd34408186e4bbccfd4996cb3dc -> 
  custom:container-muxer-webm: aa71ff27fc2769a1b78a27578f13a17b -> 
  custom:container-demuxer-webm: 4f35f7cbe854078d1ac9338744f61a02 -> 
  custom:container-demuxer-ogg: 62fdf1f143b41e24485cea50d1cbac27 -> 
  custom:video-encoder-webm-vp8: eb34c28f22e8b96e1ab97ce403110664 -> 
  custom:video-decoder-webm-vp8: 9c59270c3fd7afecdb556c50c9e8de78 -> 
  custom:audio-decoder-ogg-vorbis: bf7c407c2cedff20999df2af8eb42d56 -> 
  custom:audio-encoder-webm-vorbis: bf7c407c2cedff20999df2af8eb42d56 -> 
========================================================================
Received Prepare
Registering precompiled user dll's ...
Registered in 0.008700 seconds.
Begin MonoManager ReloadAssembly
Native extension for WindowsStandalone target not found
Native extension for WebGL target not found
Refreshing native plugins compatible for Editor in 2.09 ms, found 2 plugins.
Preloading 0 native plugins for Editor in 0.00 ms.
Mono: successfully reloaded assembly
- Completed reload, in  2.922 seconds
Domain Reload Profiling:
	ReloadAssembly (2923ms)
		BeginReloadAssembly (327ms)
			ExecutionOrderSort (0ms)
			DisableScriptedObjects (16ms)
			BackupInstance (0ms)
			ReleaseScriptingObjects (0ms)
			CreateAndSetChildDomain (163ms)
		EndReloadAssembly (2464ms)
			LoadAssemblies (237ms)
			RebuildTransferFunctionScriptingTraits (0ms)
			SetupTypeCache (772ms)
			ReleaseScriptCaches (4ms)
			RebuildScriptCaches (180ms)
			SetupLoadedEditorAssemblies (1024ms)
				LogAssemblyErrors (0ms)
				InitializePlatformSupportModulesInManaged (12ms)
				SetLoadedEditorAssemblies (1ms)
				RefreshPlugins (2ms)
				BeforeProcessingInitializeOnLoad (345ms)
				ProcessInitializeOnLoadAttributes (591ms)
				ProcessInitializeOnLoadMethodAttributes (62ms)
				AfterProcessingInitializeOnLoad (10ms)
				EditorAssembliesLoaded (0ms)
			ExecutionOrderSort2 (0ms)
			AwakeInstancesAfterBackupRestoration (21ms)
Platform modules already initialized, skipping
Refreshing native plugins compatible for Editor in 1.31 ms, found 2 plugins.
Preloading 0 native plugins for Editor in 0.00 ms.
Unloading 3263 Unused Serialized files (Serialized files now loaded: 0)
System memory in use before: 140.1 MB.
System memory in use after: 140.1 MB.

Unloading 23 unused Assets to reduce memory usage. Loaded Objects now: 3850.
Total: 7.986185 ms (FindLiveObjects: 0.645094 ms CreateObjectMapping: 0.187105 ms MarkObjects: 6.723922 ms  DeleteObjects: 0.427619 ms)

AssetImportParameters requested are different than current active one (requested -> active):
  custom:framework-win-MediaFoundation: 216162199b28c13a410421893ffa2e32 -> 
  custom:video-decoder-ogg-theora: a1e56fd34408186e4bbccfd4996cb3dc -> 
  custom:container-muxer-webm: aa71ff27fc2769a1b78a27578f13a17b -> 
  custom:container-demuxer-webm: 4f35f7cbe854078d1ac9338744f61a02 -> 
  custom:container-demuxer-ogg: 62fdf1f143b41e24485cea50d1cbac27 -> 
  custom:video-encoder-webm-vp8: eb34c28f22e8b96e1ab97ce403110664 -> 
  custom:video-decoder-webm-vp8: 9c59270c3fd7afecdb556c50c9e8de78 -> 
  custom:audio-decoder-ogg-vorbis: bf7c407c2cedff20999df2af8eb42d56 -> 
  custom:audio-encoder-webm-vorbis: bf7c407c2cedff20999df2af8eb42d56 -> 
========================================================================
Received Prepare
Registering precompiled user dll's ...
Registered in 0.008663 seconds.
Begin MonoManager ReloadAssembly
Native extension for WindowsStandalone target not found
Native extension for WebGL target not found
Refreshing native plugins compatible for Editor in 1.30 ms, found 2 plugins.
Preloading 0 native plugins for Editor in 0.00 ms.
Mono: successfully reloaded assembly
- Completed reload, in  2.921 seconds
Domain Reload Profiling:
	ReloadAssembly (2921ms)
		BeginReloadAssembly (208ms)
			ExecutionOrderSort (0ms)
			DisableScriptedObjects (11ms)
			BackupInstance (0ms)
			ReleaseScriptingObjects (0ms)
			CreateAndSetChildDomain (64ms)
		EndReloadAssembly (2478ms)
			LoadAssemblies (214ms)
			RebuildTransferFunctionScriptingTraits (0ms)
			SetupTypeCache (920ms)
			ReleaseScriptCaches (4ms)
			RebuildScriptCaches (180ms)
			SetupLoadedEditorAssemblies (903ms)
				LogAssemblyErrors (0ms)
				InitializePlatformSupportModulesInManaged (11ms)
				SetLoadedEditorAssemblies (3ms)
				RefreshPlugins (1ms)
				BeforeProcessingInitializeOnLoad (296ms)
				ProcessInitializeOnLoadAttributes (562ms)
				ProcessInitializeOnLoadMethodAttributes (20ms)
				AfterProcessingInitializeOnLoad (9ms)
				EditorAssembliesLoaded (0ms)
			ExecutionOrderSort2 (0ms)
			AwakeInstancesAfterBackupRestoration (16ms)
Platform modules already initialized, skipping
Refreshing native plugins compatible for Editor in 2.15 ms, found 2 plugins.
Preloading 0 native plugins for Editor in 0.00 ms.
Unloading 3263 Unused Serialized files (Serialized files now loaded: 0)
System memory in use before: 140.1 MB.
System memory in use after: 140.1 MB.

Unloading 23 unused Assets to reduce memory usage. Loaded Objects now: 3853.
Total: 53.906923 ms (FindLiveObjects: 1.265404 ms CreateObjectMapping: 0.318009 ms MarkObjects: 51.523774 ms  DeleteObjects: 0.796594 ms)

AssetImportParameters requested are different than current active one (requested -> active):
  custom:framework-win-MediaFoundation: 216162199b28c13a410421893ffa2e32 -> 
  custom:video-decoder-ogg-theora: a1e56fd34408186e4bbccfd4996cb3dc -> 
  custom:container-muxer-webm: aa71ff27fc2769a1b78a27578f13a17b -> 
  custom:container-demuxer-webm: 4f35f7cbe854078d1ac9338744f61a02 -> 
  custom:container-demuxer-ogg: 62fdf1f143b41e24485cea50d1cbac27 -> 
  custom:video-encoder-webm-vp8: eb34c28f22e8b96e1ab97ce403110664 -> 
  custom:video-decoder-webm-vp8: 9c59270c3fd7afecdb556c50c9e8de78 -> 
  custom:audio-decoder-ogg-vorbis: bf7c407c2cedff20999df2af8eb42d56 -> 
  custom:audio-encoder-webm-vorbis: bf7c407c2cedff20999df2af8eb42d56 -> 
========================================================================
Received Prepare
Registering precompiled user dll's ...
Registered in 0.014952 seconds.
Begin MonoManager ReloadAssembly
Native extension for WindowsStandalone target not found
Native extension for WebGL target not found
Refreshing native plugins compatible for Editor in 2.26 ms, found 2 plugins.
Preloading 0 native plugins for Editor in 0.00 ms.
Mono: successfully reloaded assembly
- Completed reload, in  2.744 seconds
Domain Reload Profiling:
	ReloadAssembly (2745ms)
		BeginReloadAssembly (368ms)
			ExecutionOrderSort (0ms)
			DisableScriptedObjects (11ms)
			BackupInstance (0ms)
			ReleaseScriptingObjects (0ms)
			CreateAndSetChildDomain (67ms)
		EndReloadAssembly (2250ms)
			LoadAssemblies (368ms)
			RebuildTransferFunctionScriptingTraits (0ms)
			SetupTypeCache (968ms)
			ReleaseScriptCaches (3ms)
			RebuildScriptCaches (114ms)
			SetupLoadedEditorAssemblies (703ms)
				LogAssemblyErrors (0ms)
				InitializePlatformSupportModulesInManaged (11ms)
				SetLoadedEditorAssemblies (1ms)
				RefreshPlugins (3ms)
				BeforeProcessingInitializeOnLoad (293ms)
				ProcessInitializeOnLoadAttributes (366ms)
				ProcessInitializeOnLoadMethodAttributes (21ms)
				AfterProcessingInitializeOnLoad (9ms)
				EditorAssembliesLoaded (0ms)
			ExecutionOrderSort2 (0ms)
			AwakeInstancesAfterBackupRestoration (17ms)
Platform modules already initialized, skipping
Refreshing native plugins compatible for Editor in 1.49 ms, found 2 plugins.
Preloading 0 native plugins for Editor in 0.00 ms.
Unloading 3263 Unused Serialized files (Serialized files now loaded: 0)
System memory in use before: 140.1 MB.
System memory in use after: 140.2 MB.

Unloading 23 unused Assets to reduce memory usage. Loaded Objects now: 3856.
Total: 7.706225 ms (FindLiveObjects: 0.687333 ms CreateObjectMapping: 0.193040 ms MarkObjects: 6.498419 ms  DeleteObjects: 0.324642 ms)

AssetImportParameters requested are different than current active one (requested -> active):
  custom:framework-win-MediaFoundation: 216162199b28c13a410421893ffa2e32 -> 
  custom:video-decoder-ogg-theora: a1e56fd34408186e4bbccfd4996cb3dc -> 
  custom:container-muxer-webm: aa71ff27fc2769a1b78a27578f13a17b -> 
  custom:container-demuxer-webm: 4f35f7cbe854078d1ac9338744f61a02 -> 
  custom:container-demuxer-ogg: 62fdf1f143b41e24485cea50d1cbac27 -> 
  custom:video-encoder-webm-vp8: eb34c28f22e8b96e1ab97ce403110664 -> 
  custom:video-decoder-webm-vp8: 9c59270c3fd7afecdb556c50c9e8de78 -> 
  custom:audio-decoder-ogg-vorbis: bf7c407c2cedff20999df2af8eb42d56 -> 
  custom:audio-encoder-webm-vorbis: bf7c407c2cedff20999df2af8eb42d56 -> 
AssetImportWorkerClient::OnTransportError - code=2 error=End of file
